This is pdfTeX, Version 3.141592653-2.6-1.40.24 (TeX Live 2022) (preloaded format=pdflatex 2022.12.2)  12 DEC 2022 19:25
entering extended mode
 restricted \write18 enabled.
 %&-line parsing enabled.
**"presentacion logimg.tex"
(./presentacion logimg.tex
LaTeX2e <2021-11-15> patch level 1
L3 programming layer <2022-02-24>
(c:/texlive/2022/texmf-dist/tex/latex/beamer/beamer.cls
Document Class: beamer 2022/02/08 v3.66 A class for typesetting presentations
(c:/texlive/2022/texmf-dist/tex/latex/beamer/beamerbasemodes.sty
(c:/texlive/2022/texmf-dist/tex/latex/etoolbox/etoolbox.sty
Package: etoolbox 2020/10/05 v2.5k e-TeX tools for LaTeX (JAW)
\etb@tempcnta=\count185
)
\beamer@tempbox=\box50
\beamer@tempcount=\count186
\c@beamerpauses=\count187

(c:/texlive/2022/texmf-dist/tex/latex/beamer/beamerbasedecode.sty
\beamer@slideinframe=\count188
\beamer@minimum=\count189
\beamer@decode@box=\box51
)
\beamer@commentbox=\box52
\beamer@modecount=\count190
)
(c:/texlive/2022/texmf-dist/tex/generic/iftex/iftex.sty
Package: iftex 2022/02/03 v1.0f TeX engine tests
)
\headdp=\dimen138
\footheight=\dimen139
\sidebarheight=\dimen140
\beamer@tempdim=\dimen141
\beamer@finalheight=\dimen142
\beamer@animht=\dimen143
\beamer@animdp=\dimen144
\beamer@animwd=\dimen145
\beamer@leftmargin=\dimen146
\beamer@rightmargin=\dimen147
\beamer@leftsidebar=\dimen148
\beamer@rightsidebar=\dimen149
\beamer@boxsize=\dimen150
\beamer@vboxoffset=\dimen151
\beamer@descdefault=\dimen152
\beamer@descriptionwidth=\dimen153
\beamer@lastskip=\skip47
\beamer@areabox=\box53
\beamer@animcurrent=\box54
\beamer@animshowbox=\box55
\beamer@sectionbox=\box56
\beamer@logobox=\box57
\beamer@linebox=\box58
\beamer@sectioncount=\count191
\beamer@subsubsectionmax=\count192
\beamer@subsectionmax=\count193
\beamer@sectionmax=\count194
\beamer@totalheads=\count195
\beamer@headcounter=\count196
\beamer@partstartpage=\count197
\beamer@sectionstartpage=\count198
\beamer@subsectionstartpage=\count199
\beamer@animationtempa=\count266
\beamer@animationtempb=\count267
\beamer@xpos=\count268
\beamer@ypos=\count269
\beamer@ypos@offset=\count270
\beamer@showpartnumber=\count271
\beamer@currentsubsection=\count272
\beamer@coveringdepth=\count273
\beamer@sectionadjust=\count274
\beamer@toclastsection=\count275
\beamer@tocsectionnumber=\count276

(c:/texlive/2022/texmf-dist/tex/latex/beamer/beamerbaseoptions.sty
(c:/texlive/2022/texmf-dist/tex/latex/graphics/keyval.sty
Package: keyval 2014/10/28 v1.15 key=value parser (DPC)
\KV@toks@=\toks16
))
\beamer@paperwidth=\skip48
\beamer@paperheight=\skip49

(c:/texlive/2022/texmf-dist/tex/latex/geometry/geometry.sty
Package: geometry 2020/01/02 v5.9 Page Geometry

(c:/texlive/2022/texmf-dist/tex/generic/iftex/ifvtex.sty
Package: ifvtex 2019/10/25 v1.7 ifvtex legacy package. Use iftex instead.
)
\Gm@cnth=\count277
\Gm@cntv=\count278
\c@Gm@tempcnt=\count279
\Gm@bindingoffset=\dimen154
\Gm@wd@mp=\dimen155
\Gm@odd@mp=\dimen156
\Gm@even@mp=\dimen157
\Gm@layoutwidth=\dimen158
\Gm@layoutheight=\dimen159
\Gm@layouthoffset=\dimen160
\Gm@layoutvoffset=\dimen161
\Gm@dimlist=\toks17
)
(c:/texlive/2022/texmf-dist/tex/latex/pgf/math/pgfmath.sty
(c:/texlive/2022/texmf-dist/tex/latex/pgf/utilities/pgfrcs.sty
(c:/texlive/2022/texmf-dist/tex/generic/pgf/utilities/pgfutil-common.tex
\pgfutil@everybye=\toks18
\pgfutil@tempdima=\dimen162
\pgfutil@tempdimb=\dimen163

(c:/texlive/2022/texmf-dist/tex/generic/pgf/utilities/pgfutil-common-lists.tex)
) (c:/texlive/2022/texmf-dist/tex/generic/pgf/utilities/pgfutil-latex.def
\pgfutil@abb=\box59
)
(c:/texlive/2022/texmf-dist/tex/generic/pgf/utilities/pgfrcs.code.tex
(c:/texlive/2022/texmf-dist/tex/generic/pgf/pgf.revision.tex)
Package: pgfrcs 2021/05/15 v3.1.9a (3.1.9a)
))
(c:/texlive/2022/texmf-dist/tex/latex/pgf/utilities/pgfkeys.sty
(c:/texlive/2022/texmf-dist/tex/generic/pgf/utilities/pgfkeys.code.tex
\pgfkeys@pathtoks=\toks19
\pgfkeys@temptoks=\toks20

(c:/texlive/2022/texmf-dist/tex/generic/pgf/utilities/pgfkeysfiltered.code.tex
\pgfkeys@tmptoks=\toks21
))) (c:/texlive/2022/texmf-dist/tex/generic/pgf/math/pgfmath.code.tex
(c:/texlive/2022/texmf-dist/tex/generic/pgf/math/pgfmathcalc.code.tex
(c:/texlive/2022/texmf-dist/tex/generic/pgf/math/pgfmathutil.code.tex
\pgf@x=\dimen164
\pgf@xa=\dimen165
\pgf@xb=\dimen166
\pgf@xc=\dimen167
\pgf@y=\dimen168
\pgf@ya=\dimen169
\pgf@yb=\dimen170
\pgf@yc=\dimen171
\c@pgf@counta=\count280
\c@pgf@countb=\count281
\c@pgf@countc=\count282
\c@pgf@countd=\count283
)
(c:/texlive/2022/texmf-dist/tex/generic/pgf/math/pgfmathparser.code.tex
\pgfmath@dimen=\dimen172
\pgfmath@count=\count284
\pgfmath@box=\box60
\pgfmath@toks=\toks22
\pgfmath@stack@operand=\toks23
\pgfmath@stack@operation=\toks24
)
(c:/texlive/2022/texmf-dist/tex/generic/pgf/math/pgfmathfunctions.code.tex
(c:/texlive/2022/texmf-dist/tex/generic/pgf/math/pgfmathfunctions.basic.code.te
x)
(c:/texlive/2022/texmf-dist/tex/generic/pgf/math/pgfmathfunctions.trigonometric
.code.tex)
(c:/texlive/2022/texmf-dist/tex/generic/pgf/math/pgfmathfunctions.random.code.t
ex)
(c:/texlive/2022/texmf-dist/tex/generic/pgf/math/pgfmathfunctions.comparison.co
de.tex)
(c:/texlive/2022/texmf-dist/tex/generic/pgf/math/pgfmathfunctions.base.code.tex
)
(c:/texlive/2022/texmf-dist/tex/generic/pgf/math/pgfmathfunctions.round.code.te
x)
(c:/texlive/2022/texmf-dist/tex/generic/pgf/math/pgfmathfunctions.misc.code.tex
)
(c:/texlive/2022/texmf-dist/tex/generic/pgf/math/pgfmathfunctions.integerarithm
etics.code.tex)))
(c:/texlive/2022/texmf-dist/tex/generic/pgf/math/pgfmathfloat.code.tex
\c@pgfmathroundto@lastzeros=\count285
)))
(c:/texlive/2022/texmf-dist/tex/latex/base/size10.clo
File: size10.clo 2021/10/04 v1.4n Standard LaTeX file (size option)
)
(c:/texlive/2022/texmf-dist/tex/latex/pgf/basiclayer/pgfcore.sty
(c:/texlive/2022/texmf-dist/tex/latex/graphics/graphicx.sty
Package: graphicx 2021/09/16 v1.2d Enhanced LaTeX Graphics (DPC,SPQR)

(c:/texlive/2022/texmf-dist/tex/latex/graphics/graphics.sty
Package: graphics 2021/03/04 v1.4d Standard LaTeX Graphics (DPC,SPQR)

(c:/texlive/2022/texmf-dist/tex/latex/graphics/trig.sty
Package: trig 2021/08/11 v1.11 sin cos tan (DPC)
)
(c:/texlive/2022/texmf-dist/tex/latex/graphics-cfg/graphics.cfg
File: graphics.cfg 2016/06/04 v1.11 sample graphics configuration
)
Package graphics Info: Driver file: pdftex.def on input line 107.

(c:/texlive/2022/texmf-dist/tex/latex/graphics-def/pdftex.def
File: pdftex.def 2020/10/05 v1.2a Graphics/color driver for pdftex
))
\Gin@req@height=\dimen173
\Gin@req@width=\dimen174
)
(c:/texlive/2022/texmf-dist/tex/latex/pgf/systemlayer/pgfsys.sty
(c:/texlive/2022/texmf-dist/tex/generic/pgf/systemlayer/pgfsys.code.tex
Package: pgfsys 2021/05/15 v3.1.9a (3.1.9a)

(c:/texlive/2022/texmf-dist/tex/generic/pgf/utilities/pgfkeys.code.tex)
\pgf@x=\dimen175
\pgf@y=\dimen176
\pgf@xa=\dimen177
\pgf@ya=\dimen178
\pgf@xb=\dimen179
\pgf@yb=\dimen180
\pgf@xc=\dimen181
\pgf@yc=\dimen182
\pgf@xd=\dimen183
\pgf@yd=\dimen184
\w@pgf@writea=\write3
\r@pgf@reada=\read2
\c@pgf@counta=\count286
\c@pgf@countb=\count287
\c@pgf@countc=\count288
\c@pgf@countd=\count289
\t@pgf@toka=\toks25
\t@pgf@tokb=\toks26
\t@pgf@tokc=\toks27
\pgf@sys@id@count=\count290

(c:/texlive/2022/texmf-dist/tex/generic/pgf/systemlayer/pgf.cfg
File: pgf.cfg 2021/05/15 v3.1.9a (3.1.9a)
)
Driver file for pgf: pgfsys-pdftex.def

(c:/texlive/2022/texmf-dist/tex/generic/pgf/systemlayer/pgfsys-pdftex.def
File: pgfsys-pdftex.def 2021/05/15 v3.1.9a (3.1.9a)

(c:/texlive/2022/texmf-dist/tex/generic/pgf/systemlayer/pgfsys-common-pdf.def
File: pgfsys-common-pdf.def 2021/05/15 v3.1.9a (3.1.9a)
)))
(c:/texlive/2022/texmf-dist/tex/generic/pgf/systemlayer/pgfsyssoftpath.code.tex
File: pgfsyssoftpath.code.tex 2021/05/15 v3.1.9a (3.1.9a)
\pgfsyssoftpath@smallbuffer@items=\count291
\pgfsyssoftpath@bigbuffer@items=\count292
)
(c:/texlive/2022/texmf-dist/tex/generic/pgf/systemlayer/pgfsysprotocol.code.tex
File: pgfsysprotocol.code.tex 2021/05/15 v3.1.9a (3.1.9a)
)) (c:/texlive/2022/texmf-dist/tex/latex/xcolor/xcolor.sty
Package: xcolor 2021/10/31 v2.13 LaTeX color extensions (UK)

(c:/texlive/2022/texmf-dist/tex/latex/graphics-cfg/color.cfg
File: color.cfg 2016/01/02 v1.6 sample color configuration
)
Package xcolor Info: Driver file: pdftex.def on input line 227.
Package xcolor Info: Model `cmy' substituted by `cmy0' on input line 1352.
Package xcolor Info: Model `hsb' substituted by `rgb' on input line 1356.
Package xcolor Info: Model `RGB' extended on input line 1368.
Package xcolor Info: Model `HTML' substituted by `rgb' on input line 1370.
Package xcolor Info: Model `Hsb' substituted by `hsb' on input line 1371.
Package xcolor Info: Model `tHsb' substituted by `hsb' on input line 1372.
Package xcolor Info: Model `HSB' substituted by `hsb' on input line 1373.
Package xcolor Info: Model `Gray' substituted by `gray' on input line 1374.
Package xcolor Info: Model `wave' substituted by `hsb' on input line 1375.
)
(c:/texlive/2022/texmf-dist/tex/generic/pgf/basiclayer/pgfcore.code.tex
Package: pgfcore 2021/05/15 v3.1.9a (3.1.9a)

(c:/texlive/2022/texmf-dist/tex/generic/pgf/math/pgfmath.code.tex)
(c:/texlive/2022/texmf-dist/tex/generic/pgf/math/pgfint.code.tex)
(c:/texlive/2022/texmf-dist/tex/generic/pgf/basiclayer/pgfcorepoints.code.tex
File: pgfcorepoints.code.tex 2021/05/15 v3.1.9a (3.1.9a)
\pgf@picminx=\dimen185
\pgf@picmaxx=\dimen186
\pgf@picminy=\dimen187
\pgf@picmaxy=\dimen188
\pgf@pathminx=\dimen189
\pgf@pathmaxx=\dimen190
\pgf@pathminy=\dimen191
\pgf@pathmaxy=\dimen192
\pgf@xx=\dimen193
\pgf@xy=\dimen194
\pgf@yx=\dimen195
\pgf@yy=\dimen196
\pgf@zx=\dimen197
\pgf@zy=\dimen198
)
(c:/texlive/2022/texmf-dist/tex/generic/pgf/basiclayer/pgfcorepathconstruct.cod
e.tex
File: pgfcorepathconstruct.code.tex 2021/05/15 v3.1.9a (3.1.9a)
\pgf@path@lastx=\dimen199
\pgf@path@lasty=\dimen256
)
(c:/texlive/2022/texmf-dist/tex/generic/pgf/basiclayer/pgfcorepathusage.code.te
x
File: pgfcorepathusage.code.tex 2021/05/15 v3.1.9a (3.1.9a)
\pgf@shorten@end@additional=\dimen257
\pgf@shorten@start@additional=\dimen258
)
(c:/texlive/2022/texmf-dist/tex/generic/pgf/basiclayer/pgfcorescopes.code.tex
File: pgfcorescopes.code.tex 2021/05/15 v3.1.9a (3.1.9a)
\pgfpic=\box61
\pgf@hbox=\box62
\pgf@layerbox@main=\box63
\pgf@picture@serial@count=\count293
)
(c:/texlive/2022/texmf-dist/tex/generic/pgf/basiclayer/pgfcoregraphicstate.code
.tex
File: pgfcoregraphicstate.code.tex 2021/05/15 v3.1.9a (3.1.9a)
\pgflinewidth=\dimen259
)
(c:/texlive/2022/texmf-dist/tex/generic/pgf/basiclayer/pgfcoretransformations.c
ode.tex
File: pgfcoretransformations.code.tex 2021/05/15 v3.1.9a (3.1.9a)
\pgf@pt@x=\dimen260
\pgf@pt@y=\dimen261
\pgf@pt@temp=\dimen262
)
(c:/texlive/2022/texmf-dist/tex/generic/pgf/basiclayer/pgfcorequick.code.tex
File: pgfcorequick.code.tex 2021/05/15 v3.1.9a (3.1.9a)
)
(c:/texlive/2022/texmf-dist/tex/generic/pgf/basiclayer/pgfcoreobjects.code.tex
File: pgfcoreobjects.code.tex 2021/05/15 v3.1.9a (3.1.9a)
)
(c:/texlive/2022/texmf-dist/tex/generic/pgf/basiclayer/pgfcorepathprocessing.co
de.tex
File: pgfcorepathprocessing.code.tex 2021/05/15 v3.1.9a (3.1.9a)
)
(c:/texlive/2022/texmf-dist/tex/generic/pgf/basiclayer/pgfcorearrows.code.tex
File: pgfcorearrows.code.tex 2021/05/15 v3.1.9a (3.1.9a)
\pgfarrowsep=\dimen263
)
(c:/texlive/2022/texmf-dist/tex/generic/pgf/basiclayer/pgfcoreshade.code.tex
File: pgfcoreshade.code.tex 2021/05/15 v3.1.9a (3.1.9a)
\pgf@max=\dimen264
\pgf@sys@shading@range@num=\count294
\pgf@shadingcount=\count295
)
(c:/texlive/2022/texmf-dist/tex/generic/pgf/basiclayer/pgfcoreimage.code.tex
File: pgfcoreimage.code.tex 2021/05/15 v3.1.9a (3.1.9a)

(c:/texlive/2022/texmf-dist/tex/generic/pgf/basiclayer/pgfcoreexternal.code.tex
File: pgfcoreexternal.code.tex 2021/05/15 v3.1.9a (3.1.9a)
\pgfexternal@startupbox=\box64
))
(c:/texlive/2022/texmf-dist/tex/generic/pgf/basiclayer/pgfcorelayers.code.tex
File: pgfcorelayers.code.tex 2021/05/15 v3.1.9a (3.1.9a)
)
(c:/texlive/2022/texmf-dist/tex/generic/pgf/basiclayer/pgfcoretransparency.code
.tex
File: pgfcoretransparency.code.tex 2021/05/15 v3.1.9a (3.1.9a)
)
(c:/texlive/2022/texmf-dist/tex/generic/pgf/basiclayer/pgfcorepatterns.code.tex
File: pgfcorepatterns.code.tex 2021/05/15 v3.1.9a (3.1.9a)
) (c:/texlive/2022/texmf-dist/tex/generic/pgf/basiclayer/pgfcorerdf.code.tex
File: pgfcorerdf.code.tex 2021/05/15 v3.1.9a (3.1.9a)
))) (c:/texlive/2022/texmf-dist/tex/latex/pgf/utilities/xxcolor.sty
Package: xxcolor 2003/10/24 ver 0.1
\XC@nummixins=\count296
\XC@countmixins=\count297
)
(c:/texlive/2022/texmf-dist/tex/latex/base/atbegshi-ltx.sty
Package: atbegshi-ltx 2021/01/10 v1.0c Emulation of the original atbegshi
package with kernel methods
)
(c:/texlive/2022/texmf-dist/tex/latex/hyperref/hyperref.sty
Package: hyperref 2022-02-21 v7.00n Hypertext links for LaTeX

(c:/texlive/2022/texmf-dist/tex/generic/ltxcmds/ltxcmds.sty
Package: ltxcmds 2020-05-10 v1.25 LaTeX kernel commands for general use (HO)
)
(c:/texlive/2022/texmf-dist/tex/generic/pdftexcmds/pdftexcmds.sty
Package: pdftexcmds 2020-06-27 v0.33 Utility functions of pdfTeX for LuaTeX (HO
)

(c:/texlive/2022/texmf-dist/tex/generic/infwarerr/infwarerr.sty
Package: infwarerr 2019/12/03 v1.5 Providing info/warning/error messages (HO)
)
Package pdftexcmds Info: \pdf@primitive is available.
Package pdftexcmds Info: \pdf@ifprimitive is available.
Package pdftexcmds Info: \pdfdraftmode found.
)
(c:/texlive/2022/texmf-dist/tex/generic/kvsetkeys/kvsetkeys.sty
Package: kvsetkeys 2019/12/15 v1.18 Key value parser (HO)
)
(c:/texlive/2022/texmf-dist/tex/generic/kvdefinekeys/kvdefinekeys.sty
Package: kvdefinekeys 2019-12-19 v1.6 Define keys (HO)
)
(c:/texlive/2022/texmf-dist/tex/generic/pdfescape/pdfescape.sty
Package: pdfescape 2019/12/09 v1.15 Implements pdfTeX's escape features (HO)
)
(c:/texlive/2022/texmf-dist/tex/latex/hycolor/hycolor.sty
Package: hycolor 2020-01-27 v1.10 Color options for hyperref/bookmark (HO)
)
(c:/texlive/2022/texmf-dist/tex/latex/letltxmacro/letltxmacro.sty
Package: letltxmacro 2019/12/03 v1.6 Let assignment for LaTeX macros (HO)
)
(c:/texlive/2022/texmf-dist/tex/latex/auxhook/auxhook.sty
Package: auxhook 2019-12-17 v1.6 Hooks for auxiliary files (HO)
)
(c:/texlive/2022/texmf-dist/tex/latex/kvoptions/kvoptions.sty
Package: kvoptions 2020-10-07 v3.14 Key value format for package options (HO)
)
\@linkdim=\dimen265
\Hy@linkcounter=\count298
\Hy@pagecounter=\count299

(c:/texlive/2022/texmf-dist/tex/latex/hyperref/pd1enc.def
File: pd1enc.def 2022-02-21 v7.00n Hyperref: PDFDocEncoding definition (HO)
Now handling font encoding PD1 ...
... no UTF-8 mapping file for font encoding PD1
)
(c:/texlive/2022/texmf-dist/tex/generic/intcalc/intcalc.sty
Package: intcalc 2019/12/15 v1.3 Expandable calculations with integers (HO)
)
(c:/texlive/2022/texmf-dist/tex/generic/etexcmds/etexcmds.sty
Package: etexcmds 2019/12/15 v1.7 Avoid name clashes with e-TeX commands (HO)
)
\Hy@SavedSpaceFactor=\count300

(c:/texlive/2022/texmf-dist/tex/latex/hyperref/puenc.def
File: puenc.def 2022-02-21 v7.00n Hyperref: PDF Unicode definition (HO)
Now handling font encoding PU ...
... no UTF-8 mapping file for font encoding PU
)
Package hyperref Info: Option `bookmarks' set `true' on input line 4018.
Package hyperref Info: Option `bookmarksopen' set `true' on input line 4018.
Package hyperref Info: Option `implicit' set `false' on input line 4018.
Package hyperref Info: Hyper figures OFF on input line 4137.
Package hyperref Info: Link nesting OFF on input line 4142.
Package hyperref Info: Hyper index ON on input line 4145.
Package hyperref Info: Plain pages OFF on input line 4152.
Package hyperref Info: Backreferencing OFF on input line 4157.
Package hyperref Info: Implicit mode OFF; no redefinition of LaTeX internals.
Package hyperref Info: Bookmarks ON on input line 4390.
\c@Hy@tempcnt=\count301

(c:/texlive/2022/texmf-dist/tex/latex/url/url.sty
\Urlmuskip=\muskip16
Package: url 2013/09/16  ver 3.4  Verb mode for urls, etc.
)
LaTeX Info: Redefining \url on input line 4749.
\XeTeXLinkMargin=\dimen266

(c:/texlive/2022/texmf-dist/tex/generic/bitset/bitset.sty
Package: bitset 2019/12/09 v1.3 Handle bit-vector datatype (HO)

(c:/texlive/2022/texmf-dist/tex/generic/bigintcalc/bigintcalc.sty
Package: bigintcalc 2019/12/15 v1.5 Expandable calculations on big integers (HO
)
))
\Fld@menulength=\count302
\Field@Width=\dimen267
\Fld@charsize=\dimen268
Package hyperref Info: Hyper figures OFF on input line 6027.
Package hyperref Info: Link nesting OFF on input line 6032.
Package hyperref Info: Hyper index ON on input line 6035.
Package hyperref Info: backreferencing OFF on input line 6042.
Package hyperref Info: Link coloring OFF on input line 6047.
Package hyperref Info: Link coloring with OCG OFF on input line 6052.
Package hyperref Info: PDF/A mode OFF on input line 6057.
LaTeX Info: Redefining \ref on input line 6097.
LaTeX Info: Redefining \pageref on input line 6101.
\Hy@abspage=\count303


Package hyperref Message: Stopped early.

)
Package hyperref Info: Driver (autodetected): hpdftex.
 (c:/texlive/2022/texmf-dist/tex/latex/hyperref/hpdftex.def
File: hpdftex.def 2022-02-21 v7.00n Hyperref driver for pdfTeX

(c:/texlive/2022/texmf-dist/tex/latex/base/atveryend-ltx.sty
Package: atveryend-ltx 2020/08/19 v1.0a Emulation of the original atveryend pac
kage
with kernel methods
)
\Fld@listcount=\count304
\c@bookmark@seq@number=\count305

(c:/texlive/2022/texmf-dist/tex/latex/rerunfilecheck/rerunfilecheck.sty
Package: rerunfilecheck 2019/12/05 v1.9 Rerun checks for auxiliary files (HO)

(c:/texlive/2022/texmf-dist/tex/generic/uniquecounter/uniquecounter.sty
Package: uniquecounter 2019/12/15 v1.4 Provide unlimited unique counter (HO)
)
Package uniquecounter Info: New unique counter `rerunfilecheck' on input line 2
86.
))
(c:/texlive/2022/texmf-dist/tex/latex/beamer/beamerbaserequires.sty
(c:/texlive/2022/texmf-dist/tex/latex/beamer/beamerbasecompatibility.sty)
(c:/texlive/2022/texmf-dist/tex/latex/beamer/beamerbasefont.sty
(c:/texlive/2022/texmf-dist/tex/latex/amsfonts/amssymb.sty
Package: amssymb 2013/01/14 v3.01 AMS font symbols

(c:/texlive/2022/texmf-dist/tex/latex/amsfonts/amsfonts.sty
Package: amsfonts 2013/01/14 v3.01 Basic AMSFonts support
\@emptytoks=\toks28
\symAMSa=\mathgroup4
\symAMSb=\mathgroup5
LaTeX Font Info:    Redeclaring math symbol \hbar on input line 98.
LaTeX Font Info:    Overwriting math alphabet `\mathfrak' in version `bold'
(Font)                  U/euf/m/n --> U/euf/b/n on input line 106.
))
(c:/texlive/2022/texmf-dist/tex/latex/sansmathaccent/sansmathaccent.sty
Package: sansmathaccent 2020/01/31

(c:/texlive/2022/texmf-dist/tex/latex/koma-script/scrlfile.sty
Package: scrlfile 2021/11/13 v3.35 KOMA-Script package (file load hooks)

(c:/texlive/2022/texmf-dist/tex/latex/koma-script/scrlfile-hook.sty
Package: scrlfile-hook 2021/11/13 v3.35 KOMA-Script package (using LaTeX hooks)


(c:/texlive/2022/texmf-dist/tex/latex/koma-script/scrlogo.sty
Package: scrlogo 2021/11/13 v3.35 KOMA-Script package (logo)
)))))
(c:/texlive/2022/texmf-dist/tex/latex/beamer/beamerbasetranslator.sty
(c:/texlive/2022/texmf-dist/tex/latex/translator/translator.sty
Package: translator 2021-05-31 v1.12d Easy translation of strings in LaTeX
))
(c:/texlive/2022/texmf-dist/tex/latex/beamer/beamerbasemisc.sty)
(c:/texlive/2022/texmf-dist/tex/latex/beamer/beamerbasetwoscreens.sty)
(c:/texlive/2022/texmf-dist/tex/latex/beamer/beamerbaseoverlay.sty
\beamer@argscount=\count306
\beamer@lastskipcover=\skip50
\beamer@trivlistdepth=\count307
)
(c:/texlive/2022/texmf-dist/tex/latex/beamer/beamerbasetitle.sty)
(c:/texlive/2022/texmf-dist/tex/latex/beamer/beamerbasesection.sty
\c@lecture=\count308
\c@part=\count309
\c@section=\count310
\c@subsection=\count311
\c@subsubsection=\count312
)
(c:/texlive/2022/texmf-dist/tex/latex/beamer/beamerbaseframe.sty
\beamer@framebox=\box65
\beamer@frametitlebox=\box66
\beamer@zoombox=\box67
\beamer@zoomcount=\count313
\beamer@zoomframecount=\count314
\beamer@frametextheight=\dimen269
\c@subsectionslide=\count315
\beamer@frametopskip=\skip51
\beamer@framebottomskip=\skip52
\beamer@frametopskipautobreak=\skip53
\beamer@framebottomskipautobreak=\skip54
\beamer@envbody=\toks29
\framewidth=\dimen270
\c@framenumber=\count316
)
(c:/texlive/2022/texmf-dist/tex/latex/beamer/beamerbaseverbatim.sty
\beamer@verbatimfileout=\write4
)
(c:/texlive/2022/texmf-dist/tex/latex/beamer/beamerbaseframesize.sty
\beamer@splitbox=\box68
\beamer@autobreakcount=\count317
\beamer@autobreaklastheight=\dimen271
\beamer@frametitletoks=\toks30
\beamer@framesubtitletoks=\toks31
)
(c:/texlive/2022/texmf-dist/tex/latex/beamer/beamerbaseframecomponents.sty
\beamer@footins=\box69
)
(c:/texlive/2022/texmf-dist/tex/latex/beamer/beamerbasecolor.sty)
(c:/texlive/2022/texmf-dist/tex/latex/beamer/beamerbasenotes.sty
\beamer@frameboxcopy=\box70
)
(c:/texlive/2022/texmf-dist/tex/latex/beamer/beamerbasetoc.sty)
(c:/texlive/2022/texmf-dist/tex/latex/beamer/beamerbasetemplates.sty
\beamer@sbttoks=\toks32

(c:/texlive/2022/texmf-dist/tex/latex/beamer/beamerbaseauxtemplates.sty
(c:/texlive/2022/texmf-dist/tex/latex/beamer/beamerbaseboxes.sty
\bmb@box=\box71
\bmb@colorbox=\box72
\bmb@boxwidth=\dimen272
\bmb@boxheight=\dimen273
\bmb@prevheight=\dimen274
\bmb@temp=\dimen275
\bmb@dima=\dimen276
\bmb@dimb=\dimen277
\bmb@prevheight=\dimen278
)
\beamer@blockheadheight=\dimen279
))
(c:/texlive/2022/texmf-dist/tex/latex/beamer/beamerbaselocalstructure.sty
(c:/texlive/2022/texmf-dist/tex/latex/tools/enumerate.sty
Package: enumerate 2015/07/23 v3.00 enumerate extensions (DPC)
\@enLab=\toks33
)
\beamer@bibiconwidth=\skip55
\c@figure=\count318
\c@table=\count319
\abovecaptionskip=\skip56
\belowcaptionskip=\skip57
)
(c:/texlive/2022/texmf-dist/tex/latex/beamer/beamerbasenavigation.sty
\beamer@section@min@dim=\dimen280
)
(c:/texlive/2022/texmf-dist/tex/latex/beamer/beamerbasetheorems.sty
(c:/texlive/2022/texmf-dist/tex/latex/amsmath/amsmath.sty
Package: amsmath 2021/10/15 v2.17l AMS math features
\@mathmargin=\skip58

For additional information on amsmath, use the `?' option.
(c:/texlive/2022/texmf-dist/tex/latex/amsmath/amstext.sty
Package: amstext 2021/08/26 v2.01 AMS text

(c:/texlive/2022/texmf-dist/tex/latex/amsmath/amsgen.sty
File: amsgen.sty 1999/11/30 v2.0 generic functions
\@emptytoks=\toks34
\ex@=\dimen281
))
(c:/texlive/2022/texmf-dist/tex/latex/amsmath/amsbsy.sty
Package: amsbsy 1999/11/29 v1.2d Bold Symbols
\pmbraise@=\dimen282
)
(c:/texlive/2022/texmf-dist/tex/latex/amsmath/amsopn.sty
Package: amsopn 2021/08/26 v2.02 operator names
)
\inf@bad=\count320
LaTeX Info: Redefining \frac on input line 234.
\uproot@=\count321
\leftroot@=\count322
LaTeX Info: Redefining \overline on input line 399.
\classnum@=\count323
\DOTSCASE@=\count324
LaTeX Info: Redefining \ldots on input line 496.
LaTeX Info: Redefining \dots on input line 499.
LaTeX Info: Redefining \cdots on input line 620.
\Mathstrutbox@=\box73
\strutbox@=\box74
\big@size=\dimen283
LaTeX Font Info:    Redeclaring font encoding OML on input line 743.
LaTeX Font Info:    Redeclaring font encoding OMS on input line 744.
\macc@depth=\count325
\c@MaxMatrixCols=\count326
\dotsspace@=\muskip17
\c@parentequation=\count327
\dspbrk@lvl=\count328
\tag@help=\toks35
\row@=\count329
\column@=\count330
\maxfields@=\count331
\andhelp@=\toks36
\eqnshift@=\dimen284
\alignsep@=\dimen285
\tagshift@=\dimen286
\tagwidth@=\dimen287
\totwidth@=\dimen288
\lineht@=\dimen289
\@envbody=\toks37
\multlinegap=\skip59
\multlinetaggap=\skip60
\mathdisplay@stack=\toks38
LaTeX Info: Redefining \[ on input line 2938.
LaTeX Info: Redefining \] on input line 2939.
)
(c:/texlive/2022/texmf-dist/tex/latex/amscls/amsthm.sty
Package: amsthm 2020/05/29 v2.20.6
\thm@style=\toks39
\thm@bodyfont=\toks40
\thm@headfont=\toks41
\thm@notefont=\toks42
\thm@headpunct=\toks43
\thm@preskip=\skip61
\thm@postskip=\skip62
\thm@headsep=\skip63
\dth@everypar=\toks44
)
\c@theorem=\count332
)
(c:/texlive/2022/texmf-dist/tex/latex/beamer/beamerbasethemes.sty))
(c:/texlive/2022/texmf-dist/tex/latex/beamer/beamerthemedefault.sty
(c:/texlive/2022/texmf-dist/tex/latex/beamer/beamerfontthemedefault.sty)
(c:/texlive/2022/texmf-dist/tex/latex/beamer/beamercolorthemedefault.sty)
(c:/texlive/2022/texmf-dist/tex/latex/beamer/beamerinnerthemedefault.sty
\beamer@dima=\dimen290
\beamer@dimb=\dimen291
)
(c:/texlive/2022/texmf-dist/tex/latex/beamer/beamerouterthemedefault.sty)))
(c:/texlive/2022/texmf-dist/tex/generic/babel/babel.sty
Package: babel 2022/02/26 3.73 The Babel package
\babel@savecnt=\count333
\U@D=\dimen292
\l@unhyphenated=\language87

(c:/texlive/2022/texmf-dist/tex/generic/babel/txtbabel.def)
\bbl@readstream=\read3
LaTeX Info: Redefining \textlatin on input line 3969.
\bbl@dirlevel=\count334

(c:/texlive/2022/texmf-dist/tex/generic/babel-spanish/spanish.ldf
Language: spanish.ldf 2021/05/27 v5.0q Spanish support from the babel system
\es@quottoks=\toks45
\es@quotdepth=\count335
Package babel Info: Making " an active character on input line 570.
Package babel Info: Making . an active character on input line 675.
Package babel Info: Making < an active character on input line 722.
Package babel Info: Making > an active character on input line 722.
))
(c:/texlive/2022/texmf-dist/tex/latex/base/inputenc.sty
Package: inputenc 2021/02/14 v1.3d Input encoding file
\inpenc@prehook=\toks46
\inpenc@posthook=\toks47

(c:/texlive/2022/texmf-dist/tex/latex/base/latin1.def
File: latin1.def 2021/02/14 v1.3d Input encoding file
))
(c:/texlive/2022/texmf-dist/tex/latex/subfigure/subfigure.sty
Package: subfigure 2002/03/15 v2.1.5 subfigure package
\subfigtopskip=\skip64
\subfigcapskip=\skip65
\subfigcaptopadj=\dimen293
\subfigbottomskip=\skip66
\subfigcapmargin=\dimen294
\subfiglabelskip=\skip67
\c@subfigure=\count336
\c@lofdepth=\count337
\c@subtable=\count338
\c@lotdepth=\count339

****************************************
* Local config file subfigure.cfg used *
****************************************
(c:/texlive/2022/texmf-dist/tex/latex/subfigure/subfigure.cfg)
\subfig@top=\skip68
\subfig@bottom=\skip69
)
(c:/texlive/2022/texmf-dist/tex/latex/beamer/beamerthemeWarsaw.sty
(c:/texlive/2022/texmf-dist/tex/latex/beamer/beamerinnerthemerounded.sty)
(c:/texlive/2022/texmf-dist/tex/latex/beamer/beamerouterthemeshadow.sty
(c:/texlive/2022/texmf-dist/tex/latex/beamer/beamerouterthemesplit.sty))
(c:/texlive/2022/texmf-dist/tex/latex/beamer/beamercolorthemeorchid.sty)
(c:/texlive/2022/texmf-dist/tex/latex/beamer/beamercolorthemewhale.sty))
(c:/texlive/2022/texmf-dist/tex/latex/beamer/beamercolorthemerose.sty)
(c:/texlive/2022/texmf-dist/tex/latex/beamer/beamerinnerthemerectangles.sty)
\c@dfn=\count340


Package hyperref Warning: Token not allowed in a PDF string (Unicode):
(hyperref)                removing `\\' on input line 17.


Package hyperref Warning: Token not allowed in a PDF string (Unicode):
(hyperref)                removing `\\' on input line 17.


Package hyperref Warning: Token not allowed in a PDF string (Unicode):
(hyperref)                removing `\\' on input line 17.

(c:/texlive/2022/texmf-dist/tex/latex/l3backend/l3backend-pdftex.def
File: l3backend-pdftex.def 2022-02-07 L3 backend support: PDF output (pdfTeX)
\l__color_backend_stack_int=\count341
\l__pdf_internal_box=\box75
)
(./presentacion logimg.aux
LaTeX Info: Redefining \. on input line 25.
LaTeX Info: Redefining \% on input line 25.
)
\openout1 = `"presentacion logimg.aux"'.

LaTeX Font Info:    Checking defaults for OML/cmm/m/it on input line 22.
LaTeX Font Info:    ... okay on input line 22.
LaTeX Font Info:    Checking defaults for OMS/cmsy/m/n on input line 22.
LaTeX Font Info:    ... okay on input line 22.
LaTeX Font Info:    Checking defaults for OT1/cmr/m/n on input line 22.
LaTeX Font Info:    ... okay on input line 22.
LaTeX Font Info:    Checking defaults for T1/cmr/m/n on input line 22.
LaTeX Font Info:    ... okay on input line 22.
LaTeX Font Info:    Checking defaults for TS1/cmr/m/n on input line 22.
LaTeX Font Info:    ... okay on input line 22.
LaTeX Font Info:    Checking defaults for OMX/cmex/m/n on input line 22.
LaTeX Font Info:    ... okay on input line 22.
LaTeX Font Info:    Checking defaults for U/cmr/m/n on input line 22.
LaTeX Font Info:    ... okay on input line 22.
LaTeX Font Info:    Checking defaults for PD1/pdf/m/n on input line 22.
LaTeX Font Info:    ... okay on input line 22.
LaTeX Font Info:    Checking defaults for PU/pdf/m/n on input line 22.
LaTeX Font Info:    ... okay on input line 22.

*geometry* driver: auto-detecting
*geometry* detected driver: pdftex
*geometry* verbose mode - [ preamble ] result:
* driver: pdftex
* paper: custom
* layout: <same size as paper>
* layoutoffset:(h,v)=(0.0pt,0.0pt)
* modes: includehead includefoot 
* h-part:(L,W,R)=(28.45274pt, 307.28987pt, 28.45274pt)
* v-part:(T,H,B)=(0.0pt, 273.14662pt, 0.0pt)
* \paperwidth=364.19536pt
* \paperheight=273.14662pt
* \textwidth=307.28987pt
* \textheight=244.6939pt
* \oddsidemargin=-43.81725pt
* \evensidemargin=-43.81725pt
* \topmargin=-72.26999pt
* \headheight=14.22636pt
* \headsep=0.0pt
* \topskip=10.0pt
* \footskip=14.22636pt
* \marginparwidth=3.0pt
* \marginparsep=11.0pt
* \columnsep=10.0pt
* \skip\footins=9.0pt plus 4.0pt minus 2.0pt
* \hoffset=0.0pt
* \voffset=0.0pt
* \mag=1000
* \@twocolumnfalse
* \@twosidefalse
* \@mparswitchfalse
* \@reversemarginfalse
* (1in=72.27pt=25.4mm, 1cm=28.453pt)

(c:/texlive/2022/texmf-dist/tex/context/base/mkii/supp-pdf.mkii
[Loading MPS to PDF converter (version 2006.09.02).]
\scratchcounter=\count342
\scratchdimen=\dimen295
\scratchbox=\box76
\nofMPsegments=\count343
\nofMParguments=\count344
\everyMPshowfont=\toks48
\MPscratchCnt=\count345
\MPscratchDim=\dimen296
\MPnumerator=\count346
\makeMPintoPDFobject=\count347
\everyMPtoPDFconversion=\toks49
) (c:/texlive/2022/texmf-dist/tex/latex/epstopdf-pkg/epstopdf-base.sty
Package: epstopdf-base 2020-01-24 v2.11 Base part for package epstopdf
Package epstopdf-base Info: Redefining graphics rule for `.eps' on input line 4
85.

(c:/texlive/2022/texmf-dist/tex/latex/latexconfig/epstopdf-sys.cfg
File: epstopdf-sys.cfg 2010/07/13 v1.3 Configuration of (r)epstopdf for TeX Liv
e
))
Package hyperref Info: Link coloring OFF on input line 22.

(c:/texlive/2022/texmf-dist/tex/latex/hyperref/nameref.sty
Package: nameref 2021-04-02 v2.47 Cross-referencing by name of section

(c:/texlive/2022/texmf-dist/tex/latex/refcount/refcount.sty
Package: refcount 2019/12/15 v3.6 Data extraction from label references (HO)
)
(c:/texlive/2022/texmf-dist/tex/generic/gettitlestring/gettitlestring.sty
Package: gettitlestring 2019/12/15 v1.6 Cleanup title references (HO)
)
\c@section@level=\count348
)
LaTeX Info: Redefining \ref on input line 22.
LaTeX Info: Redefining \pageref on input line 22.
LaTeX Info: Redefining \nameref on input line 22.

(./presentacion logimg.out) (./presentacion logimg.out)
\@outlinefile=\write5
\openout5 = `"presentacion logimg.out"'.

LaTeX Font Info:    Overwriting symbol font `operators' in version `normal'
(Font)                  OT1/cmr/m/n --> OT1/cmss/m/n on input line 22.
LaTeX Font Info:    Overwriting symbol font `operators' in version `bold'
(Font)                  OT1/cmr/bx/n --> OT1/cmss/b/n on input line 22.
\symnumbers=\mathgroup6
\sympureletters=\mathgroup7
LaTeX Font Info:    Overwriting math alphabet `\mathrm' in version `normal'
(Font)                  OT1/cmss/m/n --> OT1/cmr/m/n on input line 22.
LaTeX Font Info:    Redeclaring math alphabet \mathbf on input line 22.
LaTeX Font Info:    Overwriting math alphabet `\mathbf' in version `normal'
(Font)                  OT1/cmr/bx/n --> OT1/cmss/b/n on input line 22.
LaTeX Font Info:    Overwriting math alphabet `\mathbf' in version `bold'
(Font)                  OT1/cmr/bx/n --> OT1/cmss/b/n on input line 22.
LaTeX Font Info:    Redeclaring math alphabet \mathsf on input line 22.
LaTeX Font Info:    Overwriting math alphabet `\mathsf' in version `normal'
(Font)                  OT1/cmss/m/n --> OT1/cmss/m/n on input line 22.
LaTeX Font Info:    Overwriting math alphabet `\mathsf' in version `bold'
(Font)                  OT1/cmss/bx/n --> OT1/cmss/m/n on input line 22.
LaTeX Font Info:    Redeclaring math alphabet \mathit on input line 22.
LaTeX Font Info:    Overwriting math alphabet `\mathit' in version `normal'
(Font)                  OT1/cmr/m/it --> OT1/cmss/m/it on input line 22.
LaTeX Font Info:    Overwriting math alphabet `\mathit' in version `bold'
(Font)                  OT1/cmr/bx/it --> OT1/cmss/m/it on input line 22.
LaTeX Font Info:    Redeclaring math alphabet \mathtt on input line 22.
LaTeX Font Info:    Overwriting math alphabet `\mathtt' in version `normal'
(Font)                  OT1/cmtt/m/n --> OT1/cmtt/m/n on input line 22.
LaTeX Font Info:    Overwriting math alphabet `\mathtt' in version `bold'
(Font)                  OT1/cmtt/m/n --> OT1/cmtt/m/n on input line 22.
LaTeX Font Info:    Overwriting symbol font `numbers' in version `bold'
(Font)                  OT1/cmss/m/n --> OT1/cmss/b/n on input line 22.
LaTeX Font Info:    Overwriting symbol font `pureletters' in version `bold'
(Font)                  OT1/cmss/m/it --> OT1/cmss/b/it on input line 22.
LaTeX Font Info:    Overwriting math alphabet `\mathrm' in version `bold'
(Font)                  OT1/cmss/b/n --> OT1/cmr/b/n on input line 22.
LaTeX Font Info:    Overwriting math alphabet `\mathbf' in version `bold'
(Font)                  OT1/cmss/b/n --> OT1/cmss/b/n on input line 22.
LaTeX Font Info:    Overwriting math alphabet `\mathsf' in version `bold'
(Font)                  OT1/cmss/m/n --> OT1/cmss/b/n on input line 22.
LaTeX Font Info:    Overwriting math alphabet `\mathit' in version `bold'
(Font)                  OT1/cmss/m/it --> OT1/cmss/b/it on input line 22.
LaTeX Font Info:    Overwriting math alphabet `\mathtt' in version `bold'
(Font)                  OT1/cmtt/m/n --> OT1/cmtt/b/n on input line 22.
LaTeX Font Info:    Redeclaring symbol font `pureletters' on input line 22.
LaTeX Font Info:    Overwriting symbol font `pureletters' in version `normal'
(Font)                  OT1/cmss/m/it --> OT1/mathkerncmss/m/sl on input line 2
2.
LaTeX Font Info:    Overwriting symbol font `pureletters' in version `bold'
(Font)                  OT1/cmss/b/it --> OT1/mathkerncmss/m/sl on input line 2
2.
LaTeX Font Info:    Overwriting symbol font `pureletters' in version `bold'
(Font)                  OT1/mathkerncmss/m/sl --> OT1/mathkerncmss/bx/sl on inp
ut line 22.

(c:/texlive/2022/texmf-dist/tex/latex/translator/translator-basic-dictionary-En
glish.dict
Dictionary: translator-basic-dictionary, Language: English 
)
(c:/texlive/2022/texmf-dist/tex/latex/translator/translator-bibliography-dictio
nary-English.dict
Dictionary: translator-bibliography-dictionary, Language: English 
)
(c:/texlive/2022/texmf-dist/tex/latex/translator/translator-environment-diction
ary-English.dict
Dictionary: translator-environment-dictionary, Language: English 
)
(c:/texlive/2022/texmf-dist/tex/latex/translator/translator-months-dictionary-E
nglish.dict
Dictionary: translator-months-dictionary, Language: English 
)
(c:/texlive/2022/texmf-dist/tex/latex/translator/translator-numbers-dictionary-
English.dict
Dictionary: translator-numbers-dictionary, Language: English 
)
(c:/texlive/2022/texmf-dist/tex/latex/translator/translator-theorem-dictionary-
English.dict
Dictionary: translator-theorem-dictionary, Language: English 
)
LaTeX Info: Redefining \. on input line 22.
LaTeX Info: Redefining \% on input line 22.
 (./presentacion logimg.nav) [1

{c:/texlive/2022/texmf-var/fonts/map/pdftex/updmap/pdftex.map}] [2

] [3

]
LaTeX Font Info:    Trying to load font information for U+msa on input line 89.


(c:/texlive/2022/texmf-dist/tex/latex/amsfonts/umsa.fd
File: umsa.fd 2013/01/14 v3.01 AMS symbols A
)
LaTeX Font Info:    Trying to load font information for U+msb on input line 89.


(c:/texlive/2022/texmf-dist/tex/latex/amsfonts/umsb.fd
File: umsb.fd 2013/01/14 v3.01 AMS symbols B
)
LaTeX Font Info:    Trying to load font information for OT1+mathkerncmss on inp
ut line 89.

(c:/texlive/2022/texmf-dist/tex/latex/sansmathaccent/ot1mathkerncmss.fd
File: ot1mathkerncmss.fd 2020/01/31 Fontinst v1.933 font definitions for OT1/ma
thkerncmss.
)
[4

] [5

] [6

] [7

] [8

] [9

] [10

] [11

]
<images/structures_class_diagram.png, id=143, 1105.12875pt x 465.74pt>
File: images/structures_class_diagram.png Graphic file (type png)
<use images/structures_class_diagram.png>
Package pdftex.def Info: images/structures_class_diagram.png  used on input lin
e 268.
(pdftex.def)             Requested size: 312.9803pt x 131.8987pt.

Overfull \hbox (5.69043pt too wide) in paragraph at lines 268--268
 [] 
 []

[12

 <./images/structures_class_diagram.png>]
<images/spaces_class_diagram.png, id=153, 924.45375pt x 606.265pt>
File: images/spaces_class_diagram.png Graphic file (type png)
<use images/spaces_class_diagram.png>
Package pdftex.def Info: images/spaces_class_diagram.png  used on input line 28
0.
(pdftex.def)             Requested size: 312.9803pt x 205.25778pt.

Overfull \hbox (5.69043pt too wide) in paragraph at lines 280--280
 [] 
 []


Overfull \vbox (14.01675pt too high) detected at line 280
 []

[13

 <./images/spaces_class_diagram.png>] [14

] [15

] [16

] [17

] [18

] [19

]
<images/module_structure.png, id=238, 573.14125pt x 343.2825pt>
File: images/module_structure.png Graphic file (type png)
<use images/module_structure.png>
Package pdftex.def Info: images/module_structure.png  used on input line 365.
(pdftex.def)             Requested size: 312.9803pt x 187.45976pt.

Overfull \hbox (5.69043pt too wide) in paragraph at lines 365--365
 [] 
 []

[20

 <./images/module_structure.png>]
<images/clasics_curves/lip_curve.png, id=246, 462.528pt x 346.896pt>
File: images/clasics_curves/lip_curve.png Graphic file (type png)
<use images/clasics_curves/lip_curve.png>
Package pdftex.def Info: images/clasics_curves/lip_curve.png  used on input lin
e 380.
(pdftex.def)             Requested size: 142.26378pt x 106.70032pt.
<images/clasics_curves/hlip_curve.png, id=247, 462.528pt x 346.896pt>
File: images/clasics_curves/hlip_curve.png Graphic file (type png)
<use images/clasics_curves/hlip_curve.png>
Package pdftex.def Info: images/clasics_curves/hlip_curve.png  used on input li
ne 380.
(pdftex.def)             Requested size: 142.26378pt x 106.70032pt.
<images/clasics_curves/pslip_curve.png, id=248, 462.528pt x 346.896pt>
File: images/clasics_curves/pslip_curve.png Graphic file (type png)
<use images/clasics_curves/pslip_curve.png>
Package pdftex.def Info: images/clasics_curves/pslip_curve.png  used on input l
ine 380.
(pdftex.def)             Requested size: 142.26378pt x 106.70032pt.
<images/clasics_curves/slip_curve.png, id=249, 462.528pt x 346.896pt>
File: images/clasics_curves/slip_curve.png Graphic file (type png)
<use images/clasics_curves/slip_curve.png>
Package pdftex.def Info: images/clasics_curves/slip_curve.png  used on input li
ne 380.
(pdftex.def)             Requested size: 142.26378pt x 106.70032pt.

Overfull \vbox (11.1596pt too high) detected at line 380
 []

[21

 <./images/clasics_curves/lip_curve.png> <./images/clasics_curves/hlip_curve.pn
g> <./images/clasics_curves/pslip_curve.png> <./images/clasics_curves/slip_curv
e.png>]
<images/plip_curves/plip_curve_256.png, id=260, 462.528pt x 346.896pt>
File: images/plip_curves/plip_curve_256.png Graphic file (type png)
<use images/plip_curves/plip_curve_256.png>
Package pdftex.def Info: images/plip_curves/plip_curve_256.png  used on input l
ine 393.
(pdftex.def)             Requested size: 142.26378pt x 106.70032pt.
<images/plip_curves/plip_curve_300.png, id=261, 462.528pt x 346.896pt>
File: images/plip_curves/plip_curve_300.png Graphic file (type png)
<use images/plip_curves/plip_curve_300.png>
Package pdftex.def Info: images/plip_curves/plip_curve_300.png  used on input l
ine 393.
(pdftex.def)             Requested size: 142.26378pt x 106.70032pt.
<images/plip_curves/plip_curve_1026.png, id=262, 462.528pt x 346.896pt>
File: images/plip_curves/plip_curve_1026.png Graphic file (type png)
<use images/plip_curves/plip_curve_1026.png>
Package pdftex.def Info: images/plip_curves/plip_curve_1026.png  used on input 
line 393.
(pdftex.def)             Requested size: 142.26378pt x 106.70032pt.
<images/plip_curves/plip_curve_4100.png, id=263, 462.528pt x 346.896pt>
File: images/plip_curves/plip_curve_4100.png Graphic file (type png)
<use images/plip_curves/plip_curve_4100.png>
Package pdftex.def Info: images/plip_curves/plip_curve_4100.png  used on input 
line 393.
(pdftex.def)             Requested size: 142.26378pt x 106.70032pt.

Overfull \vbox (10.6596pt too high) detected at line 393
 []

[22

 <./images/plip_curves/plip_curve_256.png> <./images/plip_curves/plip_curve_300
.png> <./images/plip_curves/plip_curve_1026.png> <./images/plip_curves/plip_cur
ve_4100.png>]
<images/ppslip_curves/ppslip_curve_256.png, id=276, 462.528pt x 346.896pt>
File: images/ppslip_curves/ppslip_curve_256.png Graphic file (type png)
<use images/ppslip_curves/ppslip_curve_256.png>
Package pdftex.def Info: images/ppslip_curves/ppslip_curve_256.png  used on inp
ut line 406.
(pdftex.def)             Requested size: 142.26378pt x 106.70032pt.
<images/ppslip_curves/ppslip_curve_300.png, id=277, 462.528pt x 346.896pt>
File: images/ppslip_curves/ppslip_curve_300.png Graphic file (type png)
<use images/ppslip_curves/ppslip_curve_300.png>
Package pdftex.def Info: images/ppslip_curves/ppslip_curve_300.png  used on inp
ut line 406.
(pdftex.def)             Requested size: 142.26378pt x 106.70032pt.
<images/ppslip_curves/ppslip_curve_1026.png, id=278, 462.528pt x 346.896pt>
File: images/ppslip_curves/ppslip_curve_1026.png Graphic file (type png)
<use images/ppslip_curves/ppslip_curve_1026.png>
Package pdftex.def Info: images/ppslip_curves/ppslip_curve_1026.png  used on in
put line 406.
(pdftex.def)             Requested size: 142.26378pt x 106.70032pt.
<images/ppslip_curves/ppslip_curve_4100.png, id=279, 462.528pt x 346.896pt>
File: images/ppslip_curves/ppslip_curve_4100.png Graphic file (type png)
<use images/ppslip_curves/ppslip_curve_4100.png>
Package pdftex.def Info: images/ppslip_curves/ppslip_curve_4100.png  used on in
put line 406.
(pdftex.def)             Requested size: 142.26378pt x 106.70032pt.

Overfull \vbox (11.6596pt too high) detected at line 406
 []

[23

 <./images/ppslip_curves/ppslip_curve_256.png> <./images/ppslip_curves/ppslip_c
urve_300.png> <./images/ppslip_curves/ppslip_curve_1026.png> <./images/ppslip_c
urves/ppslip_curve_4100.png>]
<images/originals/playa.jpg, id=290, 642.4pt x 431.6125pt>
File: images/originals/playa.jpg Graphic file (type jpg)
<use images/originals/playa.jpg>
Package pdftex.def Info: images/originals/playa.jpg  used on input line 425.
(pdftex.def)             Requested size: 128.0374pt x 86.0246pt.
<images/originals/patineta.jpg, id=291, 642.4pt x 431.6125pt>
File: images/originals/patineta.jpg Graphic file (type jpg)
<use images/originals/patineta.jpg>
Package pdftex.def Info: images/originals/patineta.jpg  used on input line 425.

(pdftex.def)             Requested size: 128.0374pt x 86.0246pt.
<images/originals/montania.jpg, id=292, 1284.8pt x 913.4125pt>
File: images/originals/montania.jpg Graphic file (type jpg)
<use images/originals/montania.jpg>
Package pdftex.def Info: images/originals/montania.jpg  used on input line 425.

(pdftex.def)             Requested size: 128.0374pt x 91.02603pt.
<images/originals/insecto.jpg, id=293, 1284.8pt x 913.4125pt>
File: images/originals/insecto.jpg Graphic file (type jpg)
<use images/originals/insecto.jpg>
Package pdftex.def Info: images/originals/insecto.jpg  used on input line 425.
(pdftex.def)             Requested size: 128.0374pt x 91.02603pt.

Overfull \vbox (13.0596pt too high) detected at line 425
 []

[24

 <./images/originals/playa.jpg> <./images/originals/patineta.jpg> <./images/ori
ginals/montania.jpg> <./images/originals/insecto.jpg>]
<images/sums/p y p/sab.png, id=300, 642.4pt x 431.6125pt>
File: images/sums/p y p/sab.png Graphic file (type png)
<use images/sums/p y p/sab.png>
Package pdftex.def Info: images/sums/p y p/sab.png  used on input line 447.
(pdftex.def)             Requested size: 85.35826pt x 57.34973pt.
<images/sums/p y p/jsab.png, id=301, 642.4pt x 431.6125pt>
File: images/sums/p y p/jsab.png Graphic file (type png)
<use images/sums/p y p/jsab.png>
Package pdftex.def Info: images/sums/p y p/jsab.png  used on input line 447.
(pdftex.def)             Requested size: 85.35826pt x 57.34973pt.
<images/sums/p y p/hsab.png, id=302, 642.4pt x 431.6125pt>
File: images/sums/p y p/hsab.png Graphic file (type png)
<use images/sums/p y p/hsab.png>
Package pdftex.def Info: images/sums/p y p/hsab.png  used on input line 447.
(pdftex.def)             Requested size: 85.35826pt x 57.34973pt.
<images/sums/p y p/pssab.png, id=303, 642.4pt x 431.6125pt>
File: images/sums/p y p/pssab.png Graphic file (type png)
<use images/sums/p y p/pssab.png>
Package pdftex.def Info: images/sums/p y p/pssab.png  used on input line 447.
(pdftex.def)             Requested size: 85.35826pt x 57.34973pt.
<images/sums/p y p/ssab.png, id=304, 642.4pt x 431.6125pt>
File: images/sums/p y p/ssab.png Graphic file (type png)
<use images/sums/p y p/ssab.png>
Package pdftex.def Info: images/sums/p y p/ssab.png  used on input line 447.
(pdftex.def)             Requested size: 85.35826pt x 57.34973pt.
<images/sums/p y p/psab.png, id=305, 642.4pt x 431.6125pt>
File: images/sums/p y p/psab.png Graphic file (type png)
<use images/sums/p y p/psab.png>
Package pdftex.def Info: images/sums/p y p/psab.png  used on input line 447.
(pdftex.def)             Requested size: 85.35826pt x 57.34973pt.
<images/sums/p y p/ppssab.png, id=306, 642.4pt x 431.6125pt>
File: images/sums/p y p/ppssab.png Graphic file (type png)
<use images/sums/p y p/ppssab.png>
Package pdftex.def Info: images/sums/p y p/ppssab.png  used on input line 447.
(pdftex.def)             Requested size: 85.35826pt x 57.34973pt.

Overfull \vbox (5.55814pt too high) detected at line 447
 []

[25

 <./images/sums/p y p/sab.png (PNG copy)> <./images/sums/p y p/jsab.png (PNG co
py)> <./images/sums/p y p/hsab.png (PNG copy)> <./images/sums/p y p/pssab.png (
PNG copy)> <./images/sums/p y p/ssab.png (PNG copy)> <./images/sums/p y p/psab.
png (PNG copy)> <./images/sums/p y p/ppssab.png (PNG copy)>]
<images/sums/m y i/scd.png, id=315, 1284.8pt x 913.4125pt>
File: images/sums/m y i/scd.png Graphic file (type png)
<use images/sums/m y i/scd.png>
Package pdftex.def Info: images/sums/m y i/scd.png  used on input line 470.
(pdftex.def)             Requested size: 79.6678pt x 56.62819pt.
<images/sums/m y i/jscd.png, id=316, 1284.8pt x 913.4125pt>
File: images/sums/m y i/jscd.png Graphic file (type png)
<use images/sums/m y i/jscd.png>
Package pdftex.def Info: images/sums/m y i/jscd.png  used on input line 470.
(pdftex.def)             Requested size: 79.6678pt x 56.62819pt.
<images/sums/m y i/hscd.png, id=317, 1284.8pt x 913.4125pt>
File: images/sums/m y i/hscd.png Graphic file (type png)
<use images/sums/m y i/hscd.png>
Package pdftex.def Info: images/sums/m y i/hscd.png  used on input line 470.
(pdftex.def)             Requested size: 79.6678pt x 56.62819pt.
<images/sums/m y i/psscd.png, id=318, 1284.8pt x 913.4125pt>
File: images/sums/m y i/psscd.png Graphic file (type png)
<use images/sums/m y i/psscd.png>
Package pdftex.def Info: images/sums/m y i/psscd.png  used on input line 470.
(pdftex.def)             Requested size: 79.6678pt x 56.62819pt.
<images/sums/m y i/sscd.png, id=319, 1284.8pt x 913.4125pt>
File: images/sums/m y i/sscd.png Graphic file (type png)
<use images/sums/m y i/sscd.png>
Package pdftex.def Info: images/sums/m y i/sscd.png  used on input line 470.
(pdftex.def)             Requested size: 79.6678pt x 56.62819pt.
<images/sums/m y i/pscd.png, id=320, 1284.8pt x 913.4125pt>
File: images/sums/m y i/pscd.png Graphic file (type png)
<use images/sums/m y i/pscd.png>
Package pdftex.def Info: images/sums/m y i/pscd.png  used on input line 470.
(pdftex.def)             Requested size: 79.6678pt x 56.62819pt.
<images/sums/m y i/ppsscd.png, id=321, 1284.8pt x 913.4125pt>
File: images/sums/m y i/ppsscd.png Graphic file (type png)
<use images/sums/m y i/ppsscd.png>
Package pdftex.def Info: images/sums/m y i/ppsscd.png  used on input line 470.
(pdftex.def)             Requested size: 79.6678pt x 56.62819pt.

Overfull \vbox (26.39351pt too high) detected at line 470
 []

[26

 <./images/sums/m y i/scd.png (PNG copy)> <./images/sums/m y i/jscd.png (PNG co
py)> <./images/sums/m y i/hscd.png (PNG copy)> <./images/sums/m y i/psscd.png (
PNG copy)> <./images/sums/m y i/sscd.png (PNG copy)> <./images/sums/m y i/pscd.
png (PNG copy)> <./images/sums/m y i/ppsscd.png (PNG copy)>]
<images/graphics/sum_all.png, id=328, 462.528pt x 346.896pt>
File: images/graphics/sum_all.png Graphic file (type png)
<use images/graphics/sum_all.png>
Package pdftex.def Info: images/graphics/sum_all.png  used on input line 502.
(pdftex.def)             Requested size: 170.71652pt x 128.0372pt.
 [27

 <./images/graphics/sum_all.png>]
<images/originals/camera.jpg, id=336, 513.92pt x 513.92pt>
File: images/originals/camera.jpg Graphic file (type jpg)
<use images/originals/camera.jpg>
Package pdftex.def Info: images/originals/camera.jpg  used on input line 516.
(pdftex.def)             Requested size: 142.26378pt x 142.26552pt.
<images/originals/torax.png, id=337, 513.92pt x 513.92pt>
File: images/originals/torax.png Graphic file (type png)
<use images/originals/torax.png>
Package pdftex.def Info: images/originals/torax.png  used on input line 516.
(pdftex.def)             Requested size: 142.26378pt x 142.26552pt.
 [28

 <./images/originals/camera.jpg> <./images/originals/torax.png (PNG copy)>]
<images/scharr/camera/sla.png, id=344, 513.92pt x 513.92pt>
File: images/scharr/camera/sla.png Graphic file (type png)
<use images/scharr/camera/sla.png>
Package pdftex.def Info: images/scharr/camera/sla.png  used on input line 539.
(pdftex.def)             Requested size: 71.13188pt x 71.12491pt.
<images/scharr/camera/sja.png, id=345, 513.92pt x 513.92pt>
File: images/scharr/camera/sja.png Graphic file (type png)
<use images/scharr/camera/sja.png>
Package pdftex.def Info: images/scharr/camera/sja.png  used on input line 539.
(pdftex.def)             Requested size: 71.13188pt x 71.12491pt.
<images/scharr/camera/sha.png, id=346, 513.92pt x 513.92pt>
File: images/scharr/camera/sha.png Graphic file (type png)
<use images/scharr/camera/sha.png>
Package pdftex.def Info: images/scharr/camera/sha.png  used on input line 539.
(pdftex.def)             Requested size: 71.13188pt x 71.12491pt.
<images/scharr/camera/spsa.png, id=347, 513.92pt x 513.92pt>
File: images/scharr/camera/spsa.png Graphic file (type png)
<use images/scharr/camera/spsa.png>
Package pdftex.def Info: images/scharr/camera/spsa.png  used on input line 539.

(pdftex.def)             Requested size: 71.13188pt x 71.12491pt.
<images/scharr/camera/ssa.png, id=348, 513.92pt x 513.92pt>
File: images/scharr/camera/ssa.png Graphic file (type png)
<use images/scharr/camera/ssa.png>
Package pdftex.def Info: images/scharr/camera/ssa.png  used on input line 539.
(pdftex.def)             Requested size: 71.13188pt x 71.12491pt.
<images/scharr/camera/spa.png, id=349, 513.92pt x 513.92pt>
File: images/scharr/camera/spa.png Graphic file (type png)
<use images/scharr/camera/spa.png>
Package pdftex.def Info: images/scharr/camera/spa.png  used on input line 539.
(pdftex.def)             Requested size: 71.13188pt x 71.12491pt.
<images/scharr/camera/sppsa.png, id=350, 513.92pt x 513.92pt>
File: images/scharr/camera/sppsa.png Graphic file (type png)
<use images/scharr/camera/sppsa.png>
Package pdftex.def Info: images/scharr/camera/sppsa.png  used on input line 539
.
(pdftex.def)             Requested size: 71.13188pt x 71.12491pt.

Underfull \hbox (badness 1490) in paragraph at lines 539--539
[]\OT1/cmss/m/n/8 (g) PPS-LIP $\OT1/mathkerncmss/m/sl/8 C[] \OT1/cmss/m/n/8 =
 []

[29

 <./images/scharr/camera/sla.png (PNG copy)> <./images/scharr/camera/sja.png (P
NG copy)> <./images/scharr/camera/sha.png (PNG copy)> <./images/scharr/camera/s
psa.png (PNG copy)> <./images/scharr/camera/ssa.png (PNG copy)> <./images/schar
r/camera/spa.png (PNG copy)> <./images/scharr/camera/sppsa.png (PNG copy)>]
<images/scharr/torax/slb.png, id=357, 513.92pt x 513.92pt>
File: images/scharr/torax/slb.png Graphic file (type png)
<use images/scharr/torax/slb.png>
Package pdftex.def Info: images/scharr/torax/slb.png  used on input line 562.
(pdftex.def)             Requested size: 71.13188pt x 71.12491pt.
<images/scharr/torax/sjb.png, id=358, 513.92pt x 513.92pt>
File: images/scharr/torax/sjb.png Graphic file (type png)
<use images/scharr/torax/sjb.png>
Package pdftex.def Info: images/scharr/torax/sjb.png  used on input line 562.
(pdftex.def)             Requested size: 71.13188pt x 71.12491pt.
<images/scharr/torax/shb.png, id=359, 513.92pt x 513.92pt>
File: images/scharr/torax/shb.png Graphic file (type png)
<use images/scharr/torax/shb.png>
Package pdftex.def Info: images/scharr/torax/shb.png  used on input line 562.
(pdftex.def)             Requested size: 71.13188pt x 71.12491pt.
<images/scharr/torax/spsb.png, id=360, 513.92pt x 513.92pt>
File: images/scharr/torax/spsb.png Graphic file (type png)
<use images/scharr/torax/spsb.png>
Package pdftex.def Info: images/scharr/torax/spsb.png  used on input line 562.
(pdftex.def)             Requested size: 71.13188pt x 71.12491pt.
<images/scharr/torax/ssb.png, id=361, 513.92pt x 513.92pt>
File: images/scharr/torax/ssb.png Graphic file (type png)
<use images/scharr/torax/ssb.png>
Package pdftex.def Info: images/scharr/torax/ssb.png  used on input line 562.
(pdftex.def)             Requested size: 71.13188pt x 71.12491pt.
<images/scharr/torax/spb.png, id=362, 513.92pt x 513.92pt>
File: images/scharr/torax/spb.png Graphic file (type png)
<use images/scharr/torax/spb.png>
Package pdftex.def Info: images/scharr/torax/spb.png  used on input line 562.
(pdftex.def)             Requested size: 71.13188pt x 71.12491pt.
<images/scharr/torax/sppsb.png, id=363, 513.92pt x 513.92pt>
File: images/scharr/torax/sppsb.png Graphic file (type png)
<use images/scharr/torax/sppsb.png>
Package pdftex.def Info: images/scharr/torax/sppsb.png  used on input line 562.

(pdftex.def)             Requested size: 71.13188pt x 71.12491pt.

Underfull \hbox (badness 1490) in paragraph at lines 562--562
[]\OT1/cmss/m/n/8 (g) PPS-LIP $\OT1/mathkerncmss/m/sl/8 C[] \OT1/cmss/m/n/8 =
 []

[30

 <./images/scharr/torax/slb.png (PNG copy)> <./images/scharr/torax/sjb.png (PNG
 copy)> <./images/scharr/torax/shb.png (PNG copy)> <./images/scharr/torax/spsb.
png (PNG copy)> <./images/scharr/torax/ssb.png (PNG copy)> <./images/scharr/tor
ax/spb.png (PNG copy)> <./images/scharr/torax/sppsb.png (PNG copy)>]
<images/graphics/natural/ed/ed_all.png, id=370, 462.528pt x 346.896pt>
File: images/graphics/natural/ed/ed_all.png Graphic file (type png)
<use images/graphics/natural/ed/ed_all.png>
Package pdftex.def Info: images/graphics/natural/ed/ed_all.png  used on input l
ine 594.
(pdftex.def)             Requested size: 170.71652pt x 128.0372pt.

Overfull \vbox (3.46039pt too high) detected at line 594
 []

[31

 <./images/graphics/natural/ed/ed_all.png>]
<images/graphics/torax/ed/ed_all.png, id=379, 462.528pt x 346.896pt>
File: images/graphics/torax/ed/ed_all.png Graphic file (type png)
<use images/graphics/torax/ed/ed_all.png>
Package pdftex.def Info: images/graphics/torax/ed/ed_all.png  used on input lin
e 626.
(pdftex.def)             Requested size: 170.71652pt x 128.0372pt.

Overfull \vbox (3.46039pt too high) detected at line 626
 []

[32

 <./images/graphics/torax/ed/ed_all.png>]
<images/unsharp_masking/camera/la_sla.png, id=388, 513.92pt x 513.92pt>
File: images/unsharp_masking/camera/la_sla.png Graphic file (type png)
<use images/unsharp_masking/camera/la_sla.png>
Package pdftex.def Info: images/unsharp_masking/camera/la_sla.png  used on inpu
t line 651.
(pdftex.def)             Requested size: 71.13188pt x 71.12491pt.
<images/unsharp_masking/camera/ja_sja.png, id=389, 513.92pt x 513.92pt>
File: images/unsharp_masking/camera/ja_sja.png Graphic file (type png)
<use images/unsharp_masking/camera/ja_sja.png>
Package pdftex.def Info: images/unsharp_masking/camera/ja_sja.png  used on inpu
t line 651.
(pdftex.def)             Requested size: 71.13188pt x 71.12491pt.
<images/unsharp_masking/camera/ha_sha+.png, id=390, 513.92pt x 513.92pt>
File: images/unsharp_masking/camera/ha_sha+.png Graphic file (type png)
<use images/unsharp_masking/camera/ha_sha+.png>
Package pdftex.def Info: images/unsharp_masking/camera/ha_sha+.png  used on inp
ut line 651.
(pdftex.def)             Requested size: 71.13188pt x 71.12491pt.

Underfull \hbox (badness 3375) in paragraph at lines 651--651
[]\OT1/cmss/m/n/8 (c) HLIP+ $\OT1/mathkerncmss/m/sl/8 C[] \OT1/cmss/m/n/8 =
 []

<images/unsharp_masking/camera/ha_sha-.png, id=391, 513.92pt x 513.92pt>
File: images/unsharp_masking/camera/ha_sha-.png Graphic file (type png)
<use images/unsharp_masking/camera/ha_sha-.png>
Package pdftex.def Info: images/unsharp_masking/camera/ha_sha-.png  used on inp
ut line 651.
(pdftex.def)             Requested size: 71.13188pt x 71.12491pt.
<images/unsharp_masking/camera/psa_spsa.png, id=392, 513.92pt x 513.92pt>
File: images/unsharp_masking/camera/psa_spsa.png Graphic file (type png)
<use images/unsharp_masking/camera/psa_spsa.png>
Package pdftex.def Info: images/unsharp_masking/camera/psa_spsa.png  used on in
put line 651.
(pdftex.def)             Requested size: 71.13188pt x 71.12491pt.
<images/unsharp_masking/camera/sa_ssa.png, id=393, 513.92pt x 513.92pt>
File: images/unsharp_masking/camera/sa_ssa.png Graphic file (type png)
<use images/unsharp_masking/camera/sa_ssa.png>
Package pdftex.def Info: images/unsharp_masking/camera/sa_ssa.png  used on inpu
t line 651.
(pdftex.def)             Requested size: 71.13188pt x 71.12491pt.
<images/unsharp_masking/camera/pa_spa.png, id=394, 513.92pt x 513.92pt>
File: images/unsharp_masking/camera/pa_spa.png Graphic file (type png)
<use images/unsharp_masking/camera/pa_spa.png>
Package pdftex.def Info: images/unsharp_masking/camera/pa_spa.png  used on inpu
t line 651.
(pdftex.def)             Requested size: 71.13188pt x 71.12491pt.
<images/unsharp_masking/camera/ppsa_sppsa.png, id=395, 513.92pt x 513.92pt>
File: images/unsharp_masking/camera/ppsa_sppsa.png Graphic file (type png)
<use images/unsharp_masking/camera/ppsa_sppsa.png>
Package pdftex.def Info: images/unsharp_masking/camera/ppsa_sppsa.png  used on 
input line 651.
(pdftex.def)             Requested size: 71.13188pt x 71.12491pt.

Underfull \hbox (badness 1436) in paragraph at lines 651--651
[]\OT1/cmss/m/n/8 (h) PPS-LIP $\OT1/mathkerncmss/m/sl/8 C[] \OT1/cmss/m/n/8 =
 []


Overfull \vbox (5.6199pt too high) detected at line 651
 []

[33

 <./images/unsharp_masking/camera/la_sla.png (PNG copy)> <./images/unsharp_mask
ing/camera/ja_sja.png (PNG copy)> <./images/unsharp_masking/camera/ha_sha+.png 
(PNG copy)> <./images/unsharp_masking/camera/ha_sha-.png (PNG copy)> <./images/
unsharp_masking/camera/psa_spsa.png (PNG copy)> <./images/unsharp_masking/camer
a/sa_ssa.png (PNG copy)> <./images/unsharp_masking/camera/pa_spa.png (PNG copy)
> <./images/unsharp_masking/camera/ppsa_sppsa.png (PNG copy)>]
<images/unsharp_masking/torax/lb_slb.png, id=402, 513.92pt x 513.92pt>
File: images/unsharp_masking/torax/lb_slb.png Graphic file (type png)
<use images/unsharp_masking/torax/lb_slb.png>
Package pdftex.def Info: images/unsharp_masking/torax/lb_slb.png  used on input
 line 676.
(pdftex.def)             Requested size: 71.13188pt x 71.12491pt.
<images/unsharp_masking/torax/jb_sjb.png, id=403, 513.92pt x 513.92pt>
File: images/unsharp_masking/torax/jb_sjb.png Graphic file (type png)
<use images/unsharp_masking/torax/jb_sjb.png>
Package pdftex.def Info: images/unsharp_masking/torax/jb_sjb.png  used on input
 line 676.
(pdftex.def)             Requested size: 71.13188pt x 71.12491pt.
<images/unsharp_masking/torax/hb_shb+.png, id=404, 513.92pt x 513.92pt>
File: images/unsharp_masking/torax/hb_shb+.png Graphic file (type png)
<use images/unsharp_masking/torax/hb_shb+.png>
Package pdftex.def Info: images/unsharp_masking/torax/hb_shb+.png  used on inpu
t line 676.
(pdftex.def)             Requested size: 71.13188pt x 71.12491pt.

Underfull \hbox (badness 3375) in paragraph at lines 676--676
[]\OT1/cmss/m/n/8 (c) HLIP+ $\OT1/mathkerncmss/m/sl/8 C[] \OT1/cmss/m/n/8 =
 []

<images/unsharp_masking/torax/hb_shb-.png, id=405, 513.92pt x 513.92pt>
File: images/unsharp_masking/torax/hb_shb-.png Graphic file (type png)
<use images/unsharp_masking/torax/hb_shb-.png>
Package pdftex.def Info: images/unsharp_masking/torax/hb_shb-.png  used on inpu
t line 676.
(pdftex.def)             Requested size: 71.13188pt x 71.12491pt.
<images/unsharp_masking/torax/psb_spsb.png, id=406, 513.92pt x 513.92pt>
File: images/unsharp_masking/torax/psb_spsb.png Graphic file (type png)
<use images/unsharp_masking/torax/psb_spsb.png>
Package pdftex.def Info: images/unsharp_masking/torax/psb_spsb.png  used on inp
ut line 676.
(pdftex.def)             Requested size: 71.13188pt x 71.12491pt.
<images/unsharp_masking/torax/sb_ssb.png, id=407, 513.92pt x 513.92pt>
File: images/unsharp_masking/torax/sb_ssb.png Graphic file (type png)
<use images/unsharp_masking/torax/sb_ssb.png>
Package pdftex.def Info: images/unsharp_masking/torax/sb_ssb.png  used on input
 line 676.
(pdftex.def)             Requested size: 71.13188pt x 71.12491pt.
<images/unsharp_masking/torax/pb_spb.png, id=408, 513.92pt x 513.92pt>
File: images/unsharp_masking/torax/pb_spb.png Graphic file (type png)
<use images/unsharp_masking/torax/pb_spb.png>
Package pdftex.def Info: images/unsharp_masking/torax/pb_spb.png  used on input
 line 676.
(pdftex.def)             Requested size: 71.13188pt x 71.12491pt.
<images/unsharp_masking/torax/ppsb_sppsb.png, id=409, 513.92pt x 513.92pt>
File: images/unsharp_masking/torax/ppsb_sppsb.png Graphic file (type png)
<use images/unsharp_masking/torax/ppsb_sppsb.png>
Package pdftex.def Info: images/unsharp_masking/torax/ppsb_sppsb.png  used on i
nput line 676.
(pdftex.def)             Requested size: 71.13188pt x 71.12491pt.

Underfull \hbox (badness 1436) in paragraph at lines 676--676
[]\OT1/cmss/m/n/8 (h) PPS-LIP $\OT1/mathkerncmss/m/sl/8 C[] \OT1/cmss/m/n/8 =
 []


Overfull \vbox (5.6199pt too high) detected at line 676
 []

[34

 <./images/unsharp_masking/torax/lb_slb.png (PNG copy)> <./images/unsharp_maski
ng/torax/jb_sjb.png (PNG copy)> <./images/unsharp_masking/torax/hb_shb+.png (PN
G copy)> <./images/unsharp_masking/torax/hb_shb-.png (PNG copy)> <./images/unsh
arp_masking/torax/psb_spsb.png (PNG copy)> <./images/unsharp_masking/torax/sb_s
sb.png (PNG copy)> <./images/unsharp_masking/torax/pb_spb.png (PNG copy)> <./im
ages/unsharp_masking/torax/ppsb_sppsb.png (PNG copy)>]
<images/graphics/natural/unsharp_masking/um_all.png, id=416, 462.528pt x 346.89
6pt>
File: images/graphics/natural/unsharp_masking/um_all.png Graphic file (type png
)
<use images/graphics/natural/unsharp_masking/um_all.png>
Package pdftex.def Info: images/graphics/natural/unsharp_masking/um_all.png  us
ed on input line 712.
(pdftex.def)             Requested size: 170.71652pt x 128.0372pt.

Overfull \vbox (12.22084pt too high) detected at line 712
 []

[35

 <./images/graphics/natural/unsharp_masking/um_all.png>]
<images/graphics/torax/unsharp_masking/um_all.png, id=425, 462.528pt x 346.896p
t>
File: images/graphics/torax/unsharp_masking/um_all.png Graphic file (type png)
<use images/graphics/torax/unsharp_masking/um_all.png>
Package pdftex.def Info: images/graphics/torax/unsharp_masking/um_all.png  used
 on input line 748.
(pdftex.def)             Requested size: 170.71652pt x 128.0372pt.

Overfull \vbox (12.22084pt too high) detected at line 748
 []

[36

 <./images/graphics/torax/unsharp_masking/um_all.png>]
<images/he/moon/imgs/moon.png, id=433, 513.92pt x 513.92pt>
File: images/he/moon/imgs/moon.png Graphic file (type png)
<use images/he/moon/imgs/moon.png>
Package pdftex.def Info: images/he/moon/imgs/moon.png  used on input line 773.
(pdftex.def)             Requested size: 62.59596pt x 62.59306pt.
<images/he/moon/hists/oa_hist.png, id=434, 411.2163pt x 298.4751pt>
File: images/he/moon/hists/oa_hist.png Graphic file (type png)
<use images/he/moon/hists/oa_hist.png>
Package pdftex.def Info: images/he/moon/hists/oa_hist.png  used on input line 7
73.
(pdftex.def)             Requested size: 79.6678pt x 57.82211pt.

Underfull \hbox (badness 1484) in paragraph at lines 773--773
[]\OT1/cmss/m/n/8 (b) Ori-gi-nal His-to-gra-
 []

<images/he/moon/imgs/limg_eq_a.png, id=435, 513.92pt x 513.92pt>
File: images/he/moon/imgs/limg_eq_a.png Graphic file (type png)
<use images/he/moon/imgs/limg_eq_a.png>
Package pdftex.def Info: images/he/moon/imgs/limg_eq_a.png  used on input line 
773.
(pdftex.def)             Requested size: 62.59596pt x 62.59306pt.

Underfull \hbox (badness 10000) in paragraph at lines 773--773
[]\OT1/cmss/m/n/8 (c) Ecua-li-za-da
 []

<images/he/moon/hists/leqa_hist.png, id=436, 411.2163pt x 298.4751pt>
File: images/he/moon/hists/leqa_hist.png Graphic file (type png)
<use images/he/moon/hists/leqa_hist.png>
Package pdftex.def Info: images/he/moon/hists/leqa_hist.png  used on input line
 773.
(pdftex.def)             Requested size: 79.6678pt x 57.82211pt.

Underfull \hbox (badness 3271) in paragraph at lines 773--773
[]\OT1/cmss/m/n/8 (d) Ecua-li-za-da His-to-
 []

<images/he/moon/imgs/himg_eq_a.png, id=437, 513.92pt x 513.92pt>
File: images/he/moon/imgs/himg_eq_a.png Graphic file (type png)
<use images/he/moon/imgs/himg_eq_a.png>
Package pdftex.def Info: images/he/moon/imgs/himg_eq_a.png  used on input line 
773.
(pdftex.def)             Requested size: 62.59596pt x 62.59306pt.

Underfull \hbox (badness 2197) in paragraph at lines 773--773
[]\OT1/cmss/m/n/8 (e) HLIP $\OT1/mathkerncmss/m/sl/8 C[] \OT1/cmss/m/n/8 =
 []

<images/he/moon/hists/hata_hist.png, id=438, 411.2163pt x 298.4751pt>
File: images/he/moon/hists/hata_hist.png Graphic file (type png)
<use images/he/moon/hists/hata_hist.png>
Package pdftex.def Info: images/he/moon/hists/hata_hist.png  used on input line
 773.
(pdftex.def)             Requested size: 79.6678pt x 57.82211pt.
<images/he/moon/imgs/simg_eq_a.png, id=439, 513.92pt x 513.92pt>
File: images/he/moon/imgs/simg_eq_a.png Graphic file (type png)
<use images/he/moon/imgs/simg_eq_a.png>
Package pdftex.def Info: images/he/moon/imgs/simg_eq_a.png  used on input line 
773.
(pdftex.def)             Requested size: 62.59596pt x 62.59306pt.

Underfull \hbox (badness 2653) in paragraph at lines 773--773
[]\OT1/cmss/m/n/8 (g) SLIP $\OT1/mathkerncmss/m/sl/8 C[] \OT1/cmss/m/n/8 =
 []

<images/he/moon/hists/sata_hist.png, id=440, 411.2163pt x 298.4751pt>
File: images/he/moon/hists/sata_hist.png Graphic file (type png)
<use images/he/moon/hists/sata_hist.png>
Package pdftex.def Info: images/he/moon/hists/sata_hist.png  used on input line
 773.
(pdftex.def)             Requested size: 79.6678pt x 57.82211pt.
[37

 <./images/he/moon/imgs/moon.png (PNG copy)> <./images/he/moon/hists/oa_hist.pn
g> <./images/he/moon/imgs/limg_eq_a.png (PNG copy)> <./images/he/moon/hists/leq
a_hist.png> <./images/he/moon/imgs/himg_eq_a.png (PNG copy)> <./images/he/moon/
hists/hata_hist.png> <./images/he/moon/imgs/simg_eq_a.png (PNG copy)> <./images
/he/moon/hists/sata_hist.png>]
<images/he/torax/imgs/torax.png, id=452, 513.92pt x 421.575pt>
File: images/he/torax/imgs/torax.png Graphic file (type png)
<use images/he/torax/imgs/torax.png>
Package pdftex.def Info: images/he/torax/imgs/torax.png  used on input line 798
.
(pdftex.def)             Requested size: 62.59596pt x 51.34587pt.
<images/he/torax/hists/ob_hist.png, id=453, 404.712pt x 298.4751pt>
File: images/he/torax/hists/ob_hist.png Graphic file (type png)
<use images/he/torax/hists/ob_hist.png>
Package pdftex.def Info: images/he/torax/hists/ob_hist.png  used on input line 
798.
(pdftex.def)             Requested size: 79.6678pt x 58.7512pt.

Underfull \hbox (badness 1484) in paragraph at lines 798--798
[]\OT1/cmss/m/n/8 (b) Ori-gi-nal His-to-gra-
 []

<images/he/torax/imgs/limg_eq_b.png, id=454, 513.92pt x 421.575pt>
File: images/he/torax/imgs/limg_eq_b.png Graphic file (type png)
<use images/he/torax/imgs/limg_eq_b.png>
Package pdftex.def Info: images/he/torax/imgs/limg_eq_b.png  used on input line
 798.
(pdftex.def)             Requested size: 62.59596pt x 51.34587pt.

Underfull \hbox (badness 10000) in paragraph at lines 798--798
[]\OT1/cmss/m/n/8 (c) Ecua-li-za-da
 []

<images/he/torax/hists/leqb_hist.png, id=455, 404.712pt x 298.4751pt>
File: images/he/torax/hists/leqb_hist.png Graphic file (type png)
<use images/he/torax/hists/leqb_hist.png>
Package pdftex.def Info: images/he/torax/hists/leqb_hist.png  used on input lin
e 798.
(pdftex.def)             Requested size: 79.6678pt x 58.7512pt.

Underfull \hbox (badness 3271) in paragraph at lines 798--798
[]\OT1/cmss/m/n/8 (d) Ecua-li-za-da His-to-
 []

<images/he/torax/imgs/himg_eq_b.png, id=456, 513.92pt x 421.575pt>
File: images/he/torax/imgs/himg_eq_b.png Graphic file (type png)
<use images/he/torax/imgs/himg_eq_b.png>
Package pdftex.def Info: images/he/torax/imgs/himg_eq_b.png  used on input line
 798.
(pdftex.def)             Requested size: 62.59596pt x 51.34587pt.

Underfull \hbox (badness 2197) in paragraph at lines 798--798
[]\OT1/cmss/m/n/8 (e) HLIP $\OT1/mathkerncmss/m/sl/8 C[] \OT1/cmss/m/n/8 =
 []

<images/he/torax/hists/hatb_hist.png, id=457, 404.712pt x 298.4751pt>
File: images/he/torax/hists/hatb_hist.png Graphic file (type png)
<use images/he/torax/hists/hatb_hist.png>
Package pdftex.def Info: images/he/torax/hists/hatb_hist.png  used on input lin
e 798.
(pdftex.def)             Requested size: 79.6678pt x 58.7512pt.
<images/he/torax/imgs/simg_eq_b.png, id=458, 513.92pt x 421.575pt>
File: images/he/torax/imgs/simg_eq_b.png Graphic file (type png)
<use images/he/torax/imgs/simg_eq_b.png>
Package pdftex.def Info: images/he/torax/imgs/simg_eq_b.png  used on input line
 798.
(pdftex.def)             Requested size: 62.59596pt x 51.34587pt.

Underfull \hbox (badness 2653) in paragraph at lines 798--798
[]\OT1/cmss/m/n/8 (g) SLIP $\OT1/mathkerncmss/m/sl/8 C[] \OT1/cmss/m/n/8 =
 []

<images/he/torax/hists/satb_hist.png, id=459, 404.712pt x 298.4751pt>
File: images/he/torax/hists/satb_hist.png Graphic file (type png)
<use images/he/torax/hists/satb_hist.png>
Package pdftex.def Info: images/he/torax/hists/satb_hist.png  used on input lin
e 798.
(pdftex.def)             Requested size: 79.6678pt x 58.7512pt.
[38

 <./images/he/torax/imgs/torax.png (PNG copy)> <./images/he/torax/hists/ob_hist
.png> <./images/he/torax/imgs/limg_eq_b.png (PNG copy)> <./images/he/torax/hist
s/leqb_hist.png> <./images/he/torax/imgs/himg_eq_b.png (PNG copy)> <./images/he
/torax/hists/hatb_hist.png> <./images/he/torax/imgs/simg_eq_b.png (PNG copy)> <
./images/he/torax/hists/satb_hist.png>]
<images/graphics/natural/affine_transform/eq_all.png, id=470, 462.528pt x 346.8
96pt>
File: images/graphics/natural/affine_transform/eq_all.png Graphic file (type pn
g)
<use images/graphics/natural/affine_transform/eq_all.png>
Package pdftex.def Info: images/graphics/natural/affine_transform/eq_all.png  u
sed on input line 824.
(pdftex.def)             Requested size: 170.71652pt x 128.0372pt.
 [39

 <./images/graphics/natural/affine_transform/eq_all.png>]
<images/graphics/torax/affine_transform/eq_all.png, id=478, 462.528pt x 346.896
pt>
File: images/graphics/torax/affine_transform/eq_all.png Graphic file (type png)

<use images/graphics/torax/affine_transform/eq_all.png>
Package pdftex.def Info: images/graphics/torax/affine_transform/eq_all.png  use
d on input line 850.
(pdftex.def)             Requested size: 170.71652pt x 128.0372pt.
 [40

 <./images/graphics/torax/affine_transform/eq_all.png>] [41

] [42

] [43

] [44

] [45

] [46

] [47

] [48

] [49

] [50

] [51

] [52

] [53

] [54

]
[55

] [56

] [57

] [58

] [59

]
File: images/sums/p y p/sab.png Graphic file (type png)
<use images/sums/p y p/sab.png>
Package pdftex.def Info: images/sums/p y p/sab.png  used on input line 1189.
(pdftex.def)             Requested size: 142.26378pt x 95.58069pt.
File: images/sums/p y p/jsab.png Graphic file (type png)
<use images/sums/p y p/jsab.png>
Package pdftex.def Info: images/sums/p y p/jsab.png  used on input line 1189.
(pdftex.def)             Requested size: 142.26378pt x 95.58069pt.
File: images/sums/p y p/pssab.png Graphic file (type png)
<use images/sums/p y p/pssab.png>
Package pdftex.def Info: images/sums/p y p/pssab.png  used on input line 1189.
(pdftex.def)             Requested size: 142.26378pt x 95.58069pt.

Overfull \vbox (4.50366pt too high) detected at line 1189
 []

[60

]
<images/graphics/sum_med_all.png, id=624, 462.528pt x 346.896pt>
File: images/graphics/sum_med_all.png Graphic file (type png)
<use images/graphics/sum_med_all.png>
Package pdftex.def Info: images/graphics/sum_med_all.png  used on input line 12
23.
(pdftex.def)             Requested size: 170.71652pt x 128.0372pt.
 [61

 <./images/graphics/sum_med_all.png>]
\tf@nav=\write6
\openout6 = `"presentacion logimg.nav"'.

\tf@toc=\write7
\openout7 = `"presentacion logimg.toc"'.

\tf@snm=\write8
\openout8 = `"presentacion logimg.snm"'.

 (./presentacion logimg.aux
LaTeX Info: Redefining \. on input line 25.
LaTeX Info: Redefining \% on input line 25.
)
Package rerunfilecheck Info: File `"presentacion logimg".out' has not changed.
(rerunfilecheck)             Checksum: D41D8CD98F00B204E9800998ECF8427E;0.
 ) 
Here is how much of TeX's memory you used:
 24403 strings out of 478268
 484066 string characters out of 5850345
 725282 words of memory out of 5000000
 41879 multiletter control sequences out of 15000+600000
 482328 words of font info for 75 fonts, out of 8000000 for 9000
 1141 hyphenation exceptions out of 8191
 128i,16n,122p,452b,670s stack positions out of 10000i,1000n,20000p,200000b,200000s
<c:/texlive/2022/texmf-dist/fonts/type1/public/amsfonts/cm/cmex10.pfb><c:/tex
live/2022/texmf-dist/fonts/type1/public/amsfonts/cmextra/cmex7.pfb><c:/texlive/
2022/texmf-dist/fonts/type1/public/amsfonts/cm/cmmi10.pfb><c:/texlive/2022/texm
f-dist/fonts/type1/public/amsfonts/cm/cmmi5.pfb><c:/texlive/2022/texmf-dist/fon
ts/type1/public/amsfonts/cm/cmmi7.pfb><c:/texlive/2022/texmf-dist/fonts/type1/p
ublic/amsfonts/cm/cmmi8.pfb><c:/texlive/2022/texmf-dist/fonts/type1/public/amsf
onts/cm/cmmi9.pfb><c:/texlive/2022/texmf-dist/fonts/type1/public/amsfonts/cm/cm
ss10.pfb><c:/texlive/2022/texmf-dist/fonts/type1/public/amsfonts/cm/cmss12.pfb>
<c:/texlive/2022/texmf-dist/fonts/type1/public/amsfonts/cm/cmss8.pfb><c:/texliv
e/2022/texmf-dist/fonts/type1/public/amsfonts/cm/cmss9.pfb><c:/texlive/2022/tex
mf-dist/fonts/type1/public/amsfonts/cm/cmssbx10.pfb><c:/texlive/2022/texmf-dist
/fonts/type1/public/amsfonts/cm/cmssi10.pfb><c:/texlive/2022/texmf-dist/fonts/t
ype1/public/amsfonts/cm/cmssi12.pfb><c:/texlive/2022/texmf-dist/fonts/type1/pub
lic/amsfonts/cm/cmssi8.pfb><c:/texlive/2022/texmf-dist/fonts/type1/public/amsfo
nts/cm/cmssi9.pfb><c:/texlive/2022/texmf-dist/fonts/type1/public/amsfonts/cm/cm
sy10.pfb><c:/texlive/2022/texmf-dist/fonts/type1/public/amsfonts/cm/cmsy5.pfb><
c:/texlive/2022/texmf-dist/fonts/type1/public/amsfonts/cm/cmsy7.pfb><c:/texlive
/2022/texmf-dist/fonts/type1/public/amsfonts/cm/cmsy8.pfb><c:/texlive/2022/texm
f-dist/fonts/type1/public/amsfonts/cm/cmsy9.pfb><c:/texlive/2022/texmf-dist/fon
ts/type1/public/amsfonts/cm/cmtt10.pfb><c:/texlive/2022/texmf-dist/fonts/type1/
public/amsfonts/symbols/msam10.pfb><c:/texlive/2022/texmf-dist/fonts/type1/publ
ic/amsfonts/symbols/msbm10.pfb>
Output written on "presentacion logimg.pdf" (61 pages, 10598669 bytes).
PDF statistics:
 765 PDF objects out of 1000 (max. 8388607)
 474 compressed objects within 5 object streams
 123 named destinations out of 1000 (max. 500000)
 764 words of extra memory for PDF output out of 10000 (max. 10000000)

